[20:03:54] [main/INFO]: Loading Minecraft 1.21.4 with Fabric Loader 0.16.9
[20:03:54] [main/INFO]: Loading 4 mods:
	- fabricloader 0.16.9
	   \-- mixinextras 0.4.1
	- java 21
	- minecraft 1.21.4
[20:03:54] [main/INFO]: SpongePowered MIXIN Subsystem Version=0.8.7 Source=file:/workspaces/test/server/libraries/net/fabricmc/sponge-mixin/0.15.4+mixin.0.8.7/sponge-mixin-0.15.4+mixin.0.8.7.jar Service=Knot/Fabric Env=SERVER
[20:03:59] [main/INFO]: Environment: Environment[sessionHost=https://sessionserver.mojang.com, servicesHost=https://api.minecraftservices.com, name=PROD]
[20:03:59] [main/WARN]: Missing data pack fabric
[20:03:59] [main/WARN]: Missing data pack balm-fabric
[20:03:59] [main/WARN]: Missing data pack fabric-convention-tags-v2
[20:04:04] [main/INFO]: Loaded 1370 recipes
[20:04:04] [main/INFO]: Loaded 2588 advancements
[20:04:04] [Server thread/INFO]: Starting minecraft server version 1.21.4
[20:04:04] [Server thread/INFO]: Loading properties
[20:04:04] [Server thread/INFO]: Default game type: SURVIVAL
[20:04:04] [Server thread/INFO]: Generating keypair
[20:04:04] [Server thread/INFO]: Starting Minecraft server on *:25565
[20:04:04] [Server thread/INFO]: Using epoll channel type
[20:04:04] [Server thread/INFO]: Preparing level "world"
[20:04:05] [Server thread/INFO]: Preparing start region for dimension minecraft:overworld
[20:04:09] [Worker-Main-1/INFO]: Preparing spawn area: 0%
[20:04:09] [Worker-Main-1/INFO]: Preparing spawn area: 0%
[20:04:09] [Worker-Main-1/INFO]: Preparing spawn area: 0%
[20:04:09] [Worker-Main-1/INFO]: Preparing spawn area: 0%
[20:04:09] [Worker-Main-1/INFO]: Preparing spawn area: 0%
[20:04:09] [Worker-Main-1/INFO]: Preparing spawn area: 0%
[20:04:09] [Worker-Main-1/INFO]: Preparing spawn area: 0%
[20:04:09] [Worker-Main-1/INFO]: Preparing spawn area: 0%
[20:04:09] [Server thread/INFO]: Time elapsed: 4003 ms
[20:04:09] [Server thread/INFO]: Done (4.322s)! For help, type "help"
[20:04:16] [User Authenticator #1/INFO]: UUID of player AsproSPB_1337 is 661f3b74-58ef-47c5-820c-4c38f6a76b8a
[20:04:18] [Server thread/INFO]: AsproSPB_1337[/[0:0:0:0:0:0:0:1]:50552] logged in with entity id 10 at (1126.3408252174158, 64.0, -576.1468771782438)
[20:04:18] [Server thread/INFO]: AsproSPB_1337 joined the game
[20:06:51] [Server thread/INFO]: AsproSPB_1337 lost connection: Disconnected
[20:06:51] [Server thread/INFO]: AsproSPB_1337 left the game
[20:07:46] [User Authenticator #2/INFO]: UUID of player AsproSPB_1337 is 661f3b74-58ef-47c5-820c-4c38f6a76b8a
[20:07:48] [Server thread/INFO]: AsproSPB_1337[/[0:0:0:0:0:0:0:1]:47888] logged in with entity id 1947 at (380.3930785885992, 69.875, -301.7396718380748)
[20:07:48] [Server thread/INFO]: AsproSPB_1337 joined the game
[20:12:25] [Server thread/INFO]: AsproSPB_1337 lost connection: Disconnected
[20:12:25] [Server thread/INFO]: AsproSPB_1337 left the game
[20:12:32] [Server thread/INFO]: Stopping the server
[20:12:33] [Server thread/INFO]: Stopping server
[20:12:33] [Server thread/INFO]: Saving players
[20:12:33] [Server thread/INFO]: Saving worlds
[20:12:33] [Server thread/INFO]: Saving chunks for level 'ServerLevel[hardcore]'/minecraft:overworld
[20:12:33] [Server thread/INFO]: Saving chunks for level 'ServerLevel[hardcore]'/minecraft:the_nether
[20:12:33] [Server thread/INFO]: Saving chunks for level 'ServerLevel[hardcore]'/minecraft:the_end
[20:12:33] [Server thread/INFO]: ThreadedAnvilChunkStorage (world): All chunks are saved
[20:12:33] [Server thread/INFO]: ThreadedAnvilChunkStorage (DIM-1): All chunks are saved
[20:12:33] [Server thread/INFO]: ThreadedAnvilChunkStorage (DIM1): All chunks are saved
[20:12:33] [Server thread/INFO]: ThreadedAnvilChunkStorage: All dimensions are saved
